Using pre-set license
Built from '2020.3/staging' branch; Version is '2020.3.22f1 (e1a7f79fd887) revision 14788599'; Using compiler version '192528614'; Build Type 'Release'
OS: 'Windows 10 Home; OS build 22631.4317; Version 2009; 64bit' Language: 'en' Physical Memory: 16075 MB
BatchMode: 1, IsHumanControllingUs: 0, StartBugReporterOnCrash: 0, Is64bit: 1, IsPro: 0

COMMAND LINE ARGUMENTS:
C:\Program Files\Unity\Hub\Editor\2020.3.22f1\Editor\Unity.exe
-adb2
-batchMode
-noUpm
-name
AssetImportWorker0
-projectPath
C:/Users/Slava/MyOwnGAme/MyOwnGAme
-logFile
Logs/AssetImportWorker0.log
-srvPort
62317
Successfully changed project path to: C:/Users/Slava/MyOwnGAme/MyOwnGAme
C:/Users/Slava/MyOwnGAme/MyOwnGAme
Using Asset Import Pipeline V2.
Refreshing native plugins compatible for Editor in 42.94 ms, found 3 plugins.
Preloading 0 native plugins for Editor in 0.00 ms.
Initialize engine version: 2020.3.22f1 (e1a7f79fd887)
[Subsystems] Discovering subsystems at path C:/Program Files/Unity/Hub/Editor/2020.3.22f1/Editor/Data/Resources/UnitySubsystems
[Subsystems] Discovering subsystems at path C:/Users/Slava/MyOwnGAme/MyOwnGAme/Assets
GfxDevice: creating device client; threaded=0
Direct3D:
    Version:  Direct3D 11.0 [level 11.1]
    Renderer: NVIDIA GeForce RTX 3060 Laptop GPU (ID=0x2520)
    Vendor:   
    VRAM:     6010 MB
    Driver:   31.0.15.4680
Initialize mono
Mono path[0] = 'C:/Program Files/Unity/Hub/Editor/2020.3.22f1/Editor/Data/Managed'
Mono path[1] = 'C:/Program Files/Unity/Hub/Editor/2020.3.22f1/Editor/Data/MonoBleedingEdge/lib/mono/unityjit'
Mono config path = 'C:/Program Files/Unity/Hub/Editor/2020.3.22f1/Editor/Data/MonoBleedingEdge/etc'
Using monoOptions --debugger-agent=transport=dt_socket,embedding=1,server=y,suspend=n,address=127.0.0.1:56428
Begin MonoManager ReloadAssembly
Registering precompiled unity dll's ...
Register platform support module: C:/Program Files/Unity/Hub/Editor/2020.3.22f1/Editor/Data/PlaybackEngines/WindowsStandaloneSupport/UnityEditor.WindowsStandalone.Extensions.dll
Registered in 0.001534 seconds.
Native extension for WindowsStandalone target not found
Refreshing native plugins compatible for Editor in 41.17 ms, found 3 plugins.
Preloading 0 native plugins for Editor in 0.00 ms.
Mono: successfully reloaded assembly
- Completed reload, in  1.361 seconds
Domain Reload Profiling:
	ReloadAssembly (1361ms)
		BeginReloadAssembly (51ms)
			ExecutionOrderSort (0ms)
			DisableScriptedObjects (0ms)
			BackupInstance (0ms)
			ReleaseScriptingObjects (0ms)
			CreateAndSetChildDomain (1ms)
		EndReloadAssembly (409ms)
			LoadAssemblies (48ms)
			RebuildTransferFunctionScriptingTraits (0ms)
			SetupTypeCache (138ms)
			ReleaseScriptCaches (0ms)
			RebuildScriptCaches (25ms)
			SetupLoadedEditorAssemblies (153ms)
				LogAssemblyErrors (0ms)
				InitializePlatformSupportModulesInManaged (3ms)
				SetLoadedEditorAssemblies (1ms)
				RefreshPlugins (41ms)
				BeforeProcessingInitializeOnLoad (13ms)
				ProcessInitializeOnLoadAttributes (72ms)
				ProcessInitializeOnLoadMethodAttributes (23ms)
				AfterProcessingInitializeOnLoad (0ms)
				EditorAssembliesLoaded (0ms)
			ExecutionOrderSort2 (0ms)
			AwakeInstancesAfterBackupRestoration (0ms)
Platform modules already initialized, skipping
Registering precompiled user dll's ...
Registered in 0.003699 seconds.
Begin MonoManager ReloadAssembly
Native extension for WindowsStandalone target not found
Refreshing native plugins compatible for Editor in 45.07 ms, found 3 plugins.
Preloading 0 native plugins for Editor in 0.00 ms.
Mono: successfully reloaded assembly
- Completed reload, in  1.239 seconds
Domain Reload Profiling:
	ReloadAssembly (1241ms)
		BeginReloadAssembly (121ms)
			ExecutionOrderSort (0ms)
			DisableScriptedObjects (4ms)
			BackupInstance (0ms)
			ReleaseScriptingObjects (0ms)
			CreateAndSetChildDomain (17ms)
		EndReloadAssembly (1065ms)
			LoadAssemblies (87ms)
			RebuildTransferFunctionScriptingTraits (0ms)
			SetupTypeCache (282ms)
			ReleaseScriptCaches (1ms)
			RebuildScriptCaches (51ms)
			SetupLoadedEditorAssemblies (532ms)
				LogAssemblyErrors (0ms)
				InitializePlatformSupportModulesInManaged (5ms)
				SetLoadedEditorAssemblies (0ms)
				RefreshPlugins (45ms)
				BeforeProcessingInitializeOnLoad (83ms)
				ProcessInitializeOnLoadAttributes (377ms)
				ProcessInitializeOnLoadMethodAttributes (15ms)
				AfterProcessingInitializeOnLoad (6ms)
				EditorAssembliesLoaded (0ms)
			ExecutionOrderSort2 (0ms)
			AwakeInstancesAfterBackupRestoration (6ms)
Platform modules already initialized, skipping
========================================================================
Worker process is ready to serve import requests
Launched and connected shader compiler UnityShaderCompiler.exe after 0.05 seconds
Refreshing native plugins compatible for Editor in 0.51 ms, found 3 plugins.
Preloading 0 native plugins for Editor in 0.00 ms.
Unloading 2081 Unused Serialized files (Serialized files now loaded: 0)
System memory in use before: 95.8 MB.
System memory in use after: 96.0 MB.

Unloading 24 unused Assets to reduce memory usage. Loaded Objects now: 2525.
Total: 3.037500 ms (FindLiveObjects: 0.166400 ms CreateObjectMapping: 0.040200 ms MarkObjects: 2.787600 ms  DeleteObjects: 0.041600 ms)

AssetImportParameters requested are different than current active one (requested -> active):
  custom:framework-win-MediaFoundation: 216162199b28c13a410421893ffa2e32 -> 
  custom:video-decoder-ogg-theora: a1e56fd34408186e4bbccfd4996cb3dc -> 
  custom:container-muxer-webm: aa71ff27fc2769a1b78a27578f13a17b -> 
  custom:container-demuxer-webm: 4f35f7cbe854078d1ac9338744f61a02 -> 
  custom:container-demuxer-ogg: 62fdf1f143b41e24485cea50d1cbac27 -> 
  custom:video-encoder-webm-vp8: eb34c28f22e8b96e1ab97ce403110664 -> 
  custom:video-codec-MediaFoundation-h265: 746d11721c4dcdbdad8f713fa42b33f4 -> 
  custom:video-decoder-webm-vp8: 9c59270c3fd7afecdb556c50c9e8de78 -> 
  custom:audio-decoder-ogg-vorbis: bf7c407c2cedff20999df2af8eb42d56 -> 
  custom:audio-encoder-webm-vorbis: bf7c407c2cedff20999df2af8eb42d56 -> 
========================================================================
Received Import Request.
  path: Assets/2d artrs/Heroes/Pixel Adventure 1/Assets/Main Characters/Mask Dude/Jump (32x32).png
  artifactKey: Guid(2d728ff08787c6640bbe4984c7ff018b) Importer(815301076,1909f56bfc062723c751e8b465ee728b)
Start importing Assets/2d artrs/Heroes/Pixel Adventure 1/Assets/Main Characters/Mask Dude/Jump (32x32).png using Guid(2d728ff08787c6640bbe4984c7ff018b) Importer(815301076,1909f56bfc062723c751e8b465ee728b)  -> (artifact id: '60dd53166280d4326b76f4bc207ba4aa') in 0.090605 seconds 
  Import took 0.095383 seconds .

========================================================================
Received Import Request.
  Time since last request: 170.158181 seconds.
  path: Assets/ScriptableObject/Character/Knife Character Main.asset
  artifactKey: Guid(b4dda9b20abb00348b8be42d65f4ab91) Importer(815301076,1909f56bfc062723c751e8b465ee728b)
Start importing Assets/ScriptableObject/Character/Knife Character Main.asset using Guid(b4dda9b20abb00348b8be42d65f4ab91) Importer(815301076,1909f56bfc062723c751e8b465ee728b)  -> (artifact id: '51a6e5b34a449960653c32b27faf7ff8') in 0.020028 seconds 
  Import took 0.025392 seconds .

========================================================================
Received Prepare
Refreshing native plugins compatible for Editor in 3.52 ms, found 3 plugins.
Preloading 0 native plugins for Editor in 0.00 ms.
Unloading 12 Unused Serialized files (Serialized files now loaded: 0)
System memory in use before: 57.0 MB.
System memory in use after: 57.1 MB.

Unloading 12 unused Assets to reduce memory usage. Loaded Objects now: 2531.
Total: 4.211700 ms (FindLiveObjects: 0.164900 ms CreateObjectMapping: 0.044000 ms MarkObjects: 3.972700 ms  DeleteObjects: 0.029200 ms)

AssetImportParameters requested are different than current active one (requested -> active):
  custom:framework-win-MediaFoundation: 216162199b28c13a410421893ffa2e32 -> 
  custom:video-decoder-ogg-theora: a1e56fd34408186e4bbccfd4996cb3dc -> 
  custom:container-muxer-webm: aa71ff27fc2769a1b78a27578f13a17b -> 
  custom:container-demuxer-webm: 4f35f7cbe854078d1ac9338744f61a02 -> 
  custom:container-demuxer-ogg: 62fdf1f143b41e24485cea50d1cbac27 -> 
  custom:video-encoder-webm-vp8: eb34c28f22e8b96e1ab97ce403110664 -> 
  custom:video-codec-MediaFoundation-h265: 746d11721c4dcdbdad8f713fa42b33f4 -> 
  custom:video-decoder-webm-vp8: 9c59270c3fd7afecdb556c50c9e8de78 -> 
  custom:audio-decoder-ogg-vorbis: bf7c407c2cedff20999df2af8eb42d56 -> 
  custom:audio-encoder-webm-vorbis: bf7c407c2cedff20999df2af8eb42d56 -> 
========================================================================
Received Import Request.
  Time since last request: 33.258530 seconds.
  path: Assets/ScriptableObject/Character/LigtningRing Charqaacer.asset
  artifactKey: Guid(643ada000e2b9e047bbffcf3990d036d) Importer(815301076,1909f56bfc062723c751e8b465ee728b)
Start importing Assets/ScriptableObject/Character/LigtningRing Charqaacer.asset using Guid(643ada000e2b9e047bbffcf3990d036d) Importer(815301076,1909f56bfc062723c751e8b465ee728b)  -> (artifact id: 'be7380e0119533cd99c396d7d455874a') in 0.004486 seconds 
  Import took 0.008484 seconds .

========================================================================
Received Import Request.
  Time since last request: 126.367071 seconds.
  path: Assets/ScriptableObject/Character/LigtningRing Charqaacer.asset
  artifactKey: Guid(643ada000e2b9e047bbffcf3990d036d) Importer(815301076,1909f56bfc062723c751e8b465ee728b)
Start importing Assets/ScriptableObject/Character/LigtningRing Charqaacer.asset using Guid(643ada000e2b9e047bbffcf3990d036d) Importer(815301076,1909f56bfc062723c751e8b465ee728b)  -> (artifact id: 'aad162e6344a9fc05351ca874acf565b') in 0.010072 seconds 
  Import took 0.015575 seconds .

========================================================================
Received Import Request.
  Time since last request: 45.466074 seconds.
  path: Assets/ScriptableObject/Buffs/Passive Data.asset
  artifactKey: Guid(235b33c4df0d4534c8de031ab2f1b317) Importer(815301076,1909f56bfc062723c751e8b465ee728b)
Start importing Assets/ScriptableObject/Buffs/Passive Data.asset using Guid(235b33c4df0d4534c8de031ab2f1b317) Importer(815301076,1909f56bfc062723c751e8b465ee728b)  -> (artifact id: 'c391a20942e9cf59e3b0bf148b253c3e') in 0.003173 seconds 
  Import took 0.007842 seconds .

========================================================================
Received Prepare
Registering precompiled user dll's ...
Registered in 0.004900 seconds.
Begin MonoManager ReloadAssembly
Native extension for WindowsStandalone target not found
Refreshing native plugins compatible for Editor in 0.52 ms, found 3 plugins.
Preloading 0 native plugins for Editor in 0.00 ms.
Mono: successfully reloaded assembly
- Completed reload, in  1.122 seconds
Domain Reload Profiling:
	ReloadAssembly (1123ms)
		BeginReloadAssembly (127ms)
			ExecutionOrderSort (0ms)
			DisableScriptedObjects (5ms)
			BackupInstance (0ms)
			ReleaseScriptingObjects (0ms)
			CreateAndSetChildDomain (44ms)
		EndReloadAssembly (934ms)
			LoadAssemblies (95ms)
			RebuildTransferFunctionScriptingTraits (0ms)
			SetupTypeCache (245ms)
			ReleaseScriptCaches (1ms)
			RebuildScriptCaches (37ms)
			SetupLoadedEditorAssemblies (472ms)
				LogAssemblyErrors (0ms)
				InitializePlatformSupportModulesInManaged (5ms)
				SetLoadedEditorAssemblies (0ms)
				RefreshPlugins (1ms)
				BeforeProcessingInitializeOnLoad (69ms)
				ProcessInitializeOnLoadAttributes (387ms)
				ProcessInitializeOnLoadMethodAttributes (5ms)
				AfterProcessingInitializeOnLoad (6ms)
				EditorAssembliesLoaded (0ms)
			ExecutionOrderSort2 (0ms)
			AwakeInstancesAfterBackupRestoration (7ms)
Platform modules already initialized, skipping
Refreshing native plugins compatible for Editor in 0.49 ms, found 3 plugins.
Preloading 0 native plugins for Editor in 0.00 ms.
Unloading 2057 Unused Serialized files (Serialized files now loaded: 0)
System memory in use before: 96.9 MB.
System memory in use after: 97.0 MB.

Unloading 14 unused Assets to reduce memory usage. Loaded Objects now: 2533.
Total: 3.223400 ms (FindLiveObjects: 0.229100 ms CreateObjectMapping: 0.086300 ms MarkObjects: 2.880900 ms  DeleteObjects: 0.025700 ms)

AssetImportParameters requested are different than current active one (requested -> active):
  custom:framework-win-MediaFoundation: 216162199b28c13a410421893ffa2e32 -> 
  custom:video-decoder-ogg-theora: a1e56fd34408186e4bbccfd4996cb3dc -> 
  custom:container-muxer-webm: aa71ff27fc2769a1b78a27578f13a17b -> 
  custom:container-demuxer-webm: 4f35f7cbe854078d1ac9338744f61a02 -> 
  custom:container-demuxer-ogg: 62fdf1f143b41e24485cea50d1cbac27 -> 
  custom:video-encoder-webm-vp8: eb34c28f22e8b96e1ab97ce403110664 -> 
  custom:video-codec-MediaFoundation-h265: 746d11721c4dcdbdad8f713fa42b33f4 -> 
  custom:video-decoder-webm-vp8: 9c59270c3fd7afecdb556c50c9e8de78 -> 
  custom:audio-decoder-ogg-vorbis: bf7c407c2cedff20999df2af8eb42d56 -> 
  custom:audio-encoder-webm-vorbis: bf7c407c2cedff20999df2af8eb42d56 -> 
========================================================================
Received Import Request.
  Time since last request: 212.661684 seconds.
  path: Assets/Prefabs/VFX/Whip Projectile.prefab
  artifactKey: Guid(5289702eda9c0684889f7e1c307b336c) Importer(815301076,1909f56bfc062723c751e8b465ee728b)
Start importing Assets/Prefabs/VFX/Whip Projectile.prefab using Guid(5289702eda9c0684889f7e1c307b336c) Importer(815301076,1909f56bfc062723c751e8b465ee728b)  -> (artifact id: '7e2301cf5fca5b68701f3ead2db2d7a1') in 0.073029 seconds 
  Import took 0.077489 seconds .

========================================================================
Received Prepare
Registering precompiled user dll's ...
Registered in 0.002863 seconds.
Begin MonoManager ReloadAssembly
Native extension for WindowsStandalone target not found
Refreshing native plugins compatible for Editor in 0.51 ms, found 3 plugins.
Preloading 0 native plugins for Editor in 0.00 ms.
Mono: successfully reloaded assembly
- Completed reload, in  1.107 seconds
Domain Reload Profiling:
	ReloadAssembly (1108ms)
		BeginReloadAssembly (119ms)
			ExecutionOrderSort (0ms)
			DisableScriptedObjects (6ms)
			BackupInstance (0ms)
			ReleaseScriptingObjects (0ms)
			CreateAndSetChildDomain (40ms)
		EndReloadAssembly (934ms)
			LoadAssemblies (90ms)
			RebuildTransferFunctionScriptingTraits (0ms)
			SetupTypeCache (250ms)
			ReleaseScriptCaches (1ms)
			RebuildScriptCaches (39ms)
			SetupLoadedEditorAssemblies (472ms)
				LogAssemblyErrors (0ms)
				InitializePlatformSupportModulesInManaged (4ms)
				SetLoadedEditorAssemblies (0ms)
				RefreshPlugins (1ms)
				BeforeProcessingInitializeOnLoad (81ms)
				ProcessInitializeOnLoadAttributes (373ms)
				ProcessInitializeOnLoadMethodAttributes (7ms)
				AfterProcessingInitializeOnLoad (6ms)
				EditorAssembliesLoaded (0ms)
			ExecutionOrderSort2 (0ms)
			AwakeInstancesAfterBackupRestoration (8ms)
Platform modules already initialized, skipping
Refreshing native plugins compatible for Editor in 0.50 ms, found 3 plugins.
Preloading 0 native plugins for Editor in 0.00 ms.
Unloading 2057 Unused Serialized files (Serialized files now loaded: 0)
System memory in use before: 97.0 MB.
System memory in use after: 97.1 MB.

Unloading 16 unused Assets to reduce memory usage. Loaded Objects now: 2540.
Total: 3.250500 ms (FindLiveObjects: 0.154600 ms CreateObjectMapping: 0.039200 ms MarkObjects: 2.992000 ms  DeleteObjects: 0.058700 ms)

AssetImportParameters requested are different than current active one (requested -> active):
  custom:framework-win-MediaFoundation: 216162199b28c13a410421893ffa2e32 -> 
  custom:video-decoder-ogg-theora: a1e56fd34408186e4bbccfd4996cb3dc -> 
  custom:container-muxer-webm: aa71ff27fc2769a1b78a27578f13a17b -> 
  custom:container-demuxer-webm: 4f35f7cbe854078d1ac9338744f61a02 -> 
  custom:container-demuxer-ogg: 62fdf1f143b41e24485cea50d1cbac27 -> 
  custom:video-encoder-webm-vp8: eb34c28f22e8b96e1ab97ce403110664 -> 
  custom:video-codec-MediaFoundation-h265: 746d11721c4dcdbdad8f713fa42b33f4 -> 
  custom:video-decoder-webm-vp8: 9c59270c3fd7afecdb556c50c9e8de78 -> 
  custom:audio-decoder-ogg-vorbis: bf7c407c2cedff20999df2af8eb42d56 -> 
  custom:audio-encoder-webm-vorbis: bf7c407c2cedff20999df2af8eb42d56 -> 
========================================================================
Received Import Request.
  Time since last request: 470.373118 seconds.
  path: Assets/2d artrs/Icon-Garlic.jpg
  artifactKey: Guid(95bfc19d3a6f14742b3f4652717911cc) Importer(815301076,1909f56bfc062723c751e8b465ee728b)
Start importing Assets/2d artrs/Icon-Garlic.jpg using Guid(95bfc19d3a6f14742b3f4652717911cc) Importer(815301076,1909f56bfc062723c751e8b465ee728b)  -> (artifact id: 'b2b770306161b1becff5c80ea9687b79') in 0.063532 seconds 
  Import took 0.068643 seconds .

========================================================================
Received Import Request.
  Time since last request: 6.620067 seconds.
  path: Assets/2d artrs/Icon-Garlic.jpg
  artifactKey: Guid(95bfc19d3a6f14742b3f4652717911cc) Importer(815301076,1909f56bfc062723c751e8b465ee728b)
Start importing Assets/2d artrs/Icon-Garlic.jpg using Guid(95bfc19d3a6f14742b3f4652717911cc) Importer(815301076,1909f56bfc062723c751e8b465ee728b)  -> (artifact id: 'aba11b9fdf0f462d97d2321b99fbb42f') in 0.013167 seconds 
  Import took 0.016655 seconds .

========================================================================
Received Import Request.
  Time since last request: 12.567152 seconds.
  path: Assets/2d artrs/Icon-Garlic.jpg
  artifactKey: Guid(95bfc19d3a6f14742b3f4652717911cc) Importer(815301076,1909f56bfc062723c751e8b465ee728b)
Start importing Assets/2d artrs/Icon-Garlic.jpg using Guid(95bfc19d3a6f14742b3f4652717911cc) Importer(815301076,1909f56bfc062723c751e8b465ee728b)  -> (artifact id: 'a21d83f3a09d2f457b632826167dac0c') in 0.016360 seconds 
  Import took 0.021584 seconds .

========================================================================
Received Import Request.
  Time since last request: 1208.802305 seconds.
  path: Assets/Scenes/Game_Scene.unity
  artifactKey: Guid(2cda990e2423bbf4892e6590ba056729) Importer(815301076,1909f56bfc062723c751e8b465ee728b)
Start importing Assets/Scenes/Game_Scene.unity using Guid(2cda990e2423bbf4892e6590ba056729) Importer(815301076,1909f56bfc062723c751e8b465ee728b)  -> (artifact id: '4fc587a773051a68a650062bb6f9e37f') in 0.003619 seconds 
  Import took 0.008486 seconds .

========================================================================
Received Import Request.
  Time since last request: 130.615205 seconds.
  path: Assets/Animation/Player Animation/Arca Ladonna
  artifactKey: Guid(92591166acbdc9a4eb01d4b183a47e3a) Importer(815301076,1909f56bfc062723c751e8b465ee728b)
Start importing Assets/Animation/Player Animation/Arca Ladonna using Guid(92591166acbdc9a4eb01d4b183a47e3a) Importer(815301076,1909f56bfc062723c751e8b465ee728b)  -> (artifact id: '240048952b6e628b9dfb100cc39f6010') in 0.002450 seconds 
  Import took 0.007988 seconds .

========================================================================
Received Import Request.
  Time since last request: 16.804275 seconds.
  path: Assets/Animation/Player Animation/Arca Ladonna/Player Arca Ladonna.overrideController
  artifactKey: Guid(ac340ae50d312e141800faf8c25d5a97) Importer(815301076,1909f56bfc062723c751e8b465ee728b)
Start importing Assets/Animation/Player Animation/Arca Ladonna/Player Arca Ladonna.overrideController using Guid(ac340ae50d312e141800faf8c25d5a97) Importer(815301076,1909f56bfc062723c751e8b465ee728b)  -> (artifact id: 'd797cc1fa47c95884cdfe3de44530b2c') in 0.005364 seconds 
  Import took 0.009502 seconds .

========================================================================
Received Import Request.
  Time since last request: 14.612201 seconds.
  path: Assets/Animation/Player Animation/Arca Ladonna/Player Arca Laddona Move.anim
  artifactKey: Guid(4491362dbaa386849b2f764e2fae8ef7) Importer(815301076,1909f56bfc062723c751e8b465ee728b)
Start importing Assets/Animation/Player Animation/Arca Ladonna/Player Arca Laddona Move.anim using Guid(4491362dbaa386849b2f764e2fae8ef7) Importer(815301076,1909f56bfc062723c751e8b465ee728b)  -> (artifact id: '84ff441b66fe605b15bcdfaeb900a46a') in 0.006274 seconds 
  Import took 0.011418 seconds .

========================================================================
Received Import Request.
  Time since last request: 101.360180 seconds.
  path: Assets/Animation/Player Animation/Arca Ladonna/Player Arca Laddona Move.anim
  artifactKey: Guid(4491362dbaa386849b2f764e2fae8ef7) Importer(815301076,1909f56bfc062723c751e8b465ee728b)
Start importing Assets/Animation/Player Animation/Arca Ladonna/Player Arca Laddona Move.anim using Guid(4491362dbaa386849b2f764e2fae8ef7) Importer(815301076,1909f56bfc062723c751e8b465ee728b)  -> (artifact id: '59925df0b9eb190fa7a6264ed1deae8a') in 0.003411 seconds 
  Import took 0.007190 seconds .

========================================================================
Received Import Request.
  Time since last request: 2.526606 seconds.
  path: Assets/Animation/Player Animation/Arca Ladonna/Player Arca Laddona Move.anim
  artifactKey: Guid(4491362dbaa386849b2f764e2fae8ef7) Importer(815301076,1909f56bfc062723c751e8b465ee728b)
Start importing Assets/Animation/Player Animation/Arca Ladonna/Player Arca Laddona Move.anim using Guid(4491362dbaa386849b2f764e2fae8ef7) Importer(815301076,1909f56bfc062723c751e8b465ee728b)  -> (artifact id: '7ad7662e8ddd1dc14362614c85329b62') in 0.002977 seconds 
  Import took 0.006883 seconds .

========================================================================
Received Import Request.
  Time since last request: 11.662899 seconds.
  path: Assets/2d artrs/Heroes/Pixel Adventure 1/Assets/Main Characters/Ninja Frog/Run (32x32).png
  artifactKey: Guid(e362bc6a7c79fce4db16d145d43a5550) Importer(815301076,1909f56bfc062723c751e8b465ee728b)
Start importing Assets/2d artrs/Heroes/Pixel Adventure 1/Assets/Main Characters/Ninja Frog/Run (32x32).png using Guid(e362bc6a7c79fce4db16d145d43a5550) Importer(815301076,1909f56bfc062723c751e8b465ee728b)  -> (artifact id: 'f273b54bb34e48ecaa8f7ea157295364') in 0.049481 seconds 
  Import took 0.053161 seconds .

========================================================================
Received Import Request.
  Time since last request: 48.356484 seconds.
  path: Assets/ScriptableObject/Character/FireWand.asset
  artifactKey: Guid(9205062b6885b2342950351e86dbe24c) Importer(815301076,1909f56bfc062723c751e8b465ee728b)
Start importing Assets/ScriptableObject/Character/FireWand.asset using Guid(9205062b6885b2342950351e86dbe24c) Importer(815301076,1909f56bfc062723c751e8b465ee728b)  -> (artifact id: 'd255022745857b9cb7a44d817b98912c') in 0.010310 seconds 
  Import took 0.014700 seconds .

========================================================================
Received Import Request.
  Time since last request: 4.459513 seconds.
  path: Assets/ScriptableObject/Character/FireWand.asset
  artifactKey: Guid(9205062b6885b2342950351e86dbe24c) Importer(815301076,1909f56bfc062723c751e8b465ee728b)
Start importing Assets/ScriptableObject/Character/FireWand.asset using Guid(9205062b6885b2342950351e86dbe24c) Importer(815301076,1909f56bfc062723c751e8b465ee728b)  -> (artifact id: 'ffe01de51f02f40ec6473f16db240b75') in 0.006531 seconds 
  Import took 0.010857 seconds .

========================================================================
Received Import Request.
  Time since last request: 390.565975 seconds.
  path: Assets/Scripts/Editor/WeaponDataEditor.cs
  artifactKey: Guid(798e5137ac29374409061fb904fc7b45) Importer(815301076,1909f56bfc062723c751e8b465ee728b)
Start importing Assets/Scripts/Editor/WeaponDataEditor.cs using Guid(798e5137ac29374409061fb904fc7b45) Importer(815301076,1909f56bfc062723c751e8b465ee728b)  -> (artifact id: 'd28ef78881114319b5ec2a8d3c733d41') in 0.014608 seconds 
  Import took 0.019649 seconds .

========================================================================
Received Prepare
Registering precompiled user dll's ...
Registered in 0.003800 seconds.
Begin MonoManager ReloadAssembly
Native extension for WindowsStandalone target not found
Refreshing native plugins compatible for Editor in 0.49 ms, found 3 plugins.
Preloading 0 native plugins for Editor in 0.00 ms.
Mono: successfully reloaded assembly
- Completed reload, in  1.185 seconds
Domain Reload Profiling:
	ReloadAssembly (1186ms)
		BeginReloadAssembly (132ms)
			ExecutionOrderSort (0ms)
			DisableScriptedObjects (5ms)
			BackupInstance (0ms)
			ReleaseScriptingObjects (0ms)
			CreateAndSetChildDomain (52ms)
		EndReloadAssembly (986ms)
			LoadAssemblies (94ms)
			RebuildTransferFunctionScriptingTraits (0ms)
			SetupTypeCache (289ms)
			ReleaseScriptCaches (1ms)
			RebuildScriptCaches (36ms)
			SetupLoadedEditorAssemblies (474ms)
				LogAssemblyErrors (0ms)
				InitializePlatformSupportModulesInManaged (4ms)
				SetLoadedEditorAssemblies (0ms)
				RefreshPlugins (1ms)
				BeforeProcessingInitializeOnLoad (73ms)
				ProcessInitializeOnLoadAttributes (383ms)
				ProcessInitializeOnLoadMethodAttributes (7ms)
				AfterProcessingInitializeOnLoad (6ms)
				EditorAssembliesLoaded (0ms)
			ExecutionOrderSort2 (0ms)
			AwakeInstancesAfterBackupRestoration (9ms)
Platform modules already initialized, skipping
Refreshing native plugins compatible for Editor in 0.51 ms, found 3 plugins.
Preloading 0 native plugins for Editor in 0.00 ms.
Unloading 2055 Unused Serialized files (Serialized files now loaded: 0)
System memory in use before: 97.0 MB.
System memory in use after: 97.1 MB.

Unloading 16 unused Assets to reduce memory usage. Loaded Objects now: 2544.
Total: 3.098800 ms (FindLiveObjects: 0.218100 ms CreateObjectMapping: 0.086600 ms MarkObjects: 2.765600 ms  DeleteObjects: 0.026600 ms)

AssetImportParameters requested are different than current active one (requested -> active):
  custom:framework-win-MediaFoundation: 216162199b28c13a410421893ffa2e32 -> 
  custom:video-decoder-ogg-theora: a1e56fd34408186e4bbccfd4996cb3dc -> 
  custom:container-muxer-webm: aa71ff27fc2769a1b78a27578f13a17b -> 
  custom:container-demuxer-webm: 4f35f7cbe854078d1ac9338744f61a02 -> 
  custom:container-demuxer-ogg: 62fdf1f143b41e24485cea50d1cbac27 -> 
  custom:video-encoder-webm-vp8: eb34c28f22e8b96e1ab97ce403110664 -> 
  custom:video-codec-MediaFoundation-h265: 746d11721c4dcdbdad8f713fa42b33f4 -> 
  custom:video-decoder-webm-vp8: 9c59270c3fd7afecdb556c50c9e8de78 -> 
  custom:audio-decoder-ogg-vorbis: bf7c407c2cedff20999df2af8eb42d56 -> 
  custom:audio-encoder-webm-vorbis: bf7c407c2cedff20999df2af8eb42d56 -> 
========================================================================
Received Prepare
Registering precompiled user dll's ...
Registered in 0.003383 seconds.
Begin MonoManager ReloadAssembly
Native extension for WindowsStandalone target not found
Refreshing native plugins compatible for Editor in 0.55 ms, found 3 plugins.
Preloading 0 native plugins for Editor in 0.00 ms.
Mono: successfully reloaded assembly
- Completed reload, in  1.148 seconds
Domain Reload Profiling:
	ReloadAssembly (1148ms)
		BeginReloadAssembly (124ms)
			ExecutionOrderSort (0ms)
			DisableScriptedObjects (5ms)
			BackupInstance (0ms)
			ReleaseScriptingObjects (0ms)
			CreateAndSetChildDomain (40ms)
		EndReloadAssembly (969ms)
			LoadAssemblies (97ms)
			RebuildTransferFunctionScriptingTraits (0ms)
			SetupTypeCache (298ms)
			ReleaseScriptCaches (1ms)
			RebuildScriptCaches (37ms)
			SetupLoadedEditorAssemblies (447ms)
				LogAssemblyErrors (0ms)
				InitializePlatformSupportModulesInManaged (5ms)
				SetLoadedEditorAssemblies (0ms)
				RefreshPlugins (1ms)
				BeforeProcessingInitializeOnLoad (76ms)
				ProcessInitializeOnLoadAttributes (353ms)
				ProcessInitializeOnLoadMethodAttributes (6ms)
				AfterProcessingInitializeOnLoad (6ms)
				EditorAssembliesLoaded (0ms)
			ExecutionOrderSort2 (0ms)
			AwakeInstancesAfterBackupRestoration (8ms)
Platform modules already initialized, skipping
Refreshing native plugins compatible for Editor in 0.50 ms, found 3 plugins.
Preloading 0 native plugins for Editor in 0.00 ms.
Unloading 2054 Unused Serialized files (Serialized files now loaded: 0)
System memory in use before: 97.0 MB.
System memory in use after: 97.1 MB.

Unloading 15 unused Assets to reduce memory usage. Loaded Objects now: 2545.
Total: 3.755700 ms (FindLiveObjects: 0.214600 ms CreateObjectMapping: 0.061500 ms MarkObjects: 3.445800 ms  DeleteObjects: 0.031400 ms)

AssetImportParameters requested are different than current active one (requested -> active):
  custom:framework-win-MediaFoundation: 216162199b28c13a410421893ffa2e32 -> 
  custom:video-decoder-ogg-theora: a1e56fd34408186e4bbccfd4996cb3dc -> 
  custom:container-muxer-webm: aa71ff27fc2769a1b78a27578f13a17b -> 
  custom:container-demuxer-webm: 4f35f7cbe854078d1ac9338744f61a02 -> 
  custom:container-demuxer-ogg: 62fdf1f143b41e24485cea50d1cbac27 -> 
  custom:video-encoder-webm-vp8: eb34c28f22e8b96e1ab97ce403110664 -> 
  custom:video-codec-MediaFoundation-h265: 746d11721c4dcdbdad8f713fa42b33f4 -> 
  custom:video-decoder-webm-vp8: 9c59270c3fd7afecdb556c50c9e8de78 -> 
  custom:audio-decoder-ogg-vorbis: bf7c407c2cedff20999df2af8eb42d56 -> 
  custom:audio-encoder-webm-vorbis: bf7c407c2cedff20999df2af8eb42d56 -> 
========================================================================
Received Import Request.
  Time since last request: 97.168227 seconds.
  path: Assets/2d artrs/weapon
  artifactKey: Guid(4d365925ae718e045999497d414abaf4) Importer(815301076,1909f56bfc062723c751e8b465ee728b)
Start importing Assets/2d artrs/weapon using Guid(4d365925ae718e045999497d414abaf4) Importer(815301076,1909f56bfc062723c751e8b465ee728b)  -> (artifact id: 'fccb288ff8b202f9ff06f02ab19141c1') in 0.006127 seconds 
  Import took 0.010121 seconds .

========================================================================
Received Import Request.
  Time since last request: 24.204935 seconds.
  path: Assets/2d artrs/Enemies
  artifactKey: Guid(80fa9877c46c8de4ab58354a541087da) Importer(815301076,1909f56bfc062723c751e8b465ee728b)
Start importing Assets/2d artrs/Enemies using Guid(80fa9877c46c8de4ab58354a541087da) Importer(815301076,1909f56bfc062723c751e8b465ee728b)  -> (artifact id: '77eed4d9c45a7a6b4fbf90639b7668c4') in 0.001927 seconds 
  Import took 0.005361 seconds .

========================================================================
Received Import Request.
  Time since last request: 63.811108 seconds.
  path: Assets/2d artrs/NewBehaviourScript.cs
  artifactKey: Guid(78de4b271668371469b543d00b5dda7f) Importer(815301076,1909f56bfc062723c751e8b465ee728b)
Start importing Assets/2d artrs/NewBehaviourScript.cs using Guid(78de4b271668371469b543d00b5dda7f) Importer(815301076,1909f56bfc062723c751e8b465ee728b)  -> (artifact id: 'e8cf2c345551738aa9413c076accaa3e') in 0.002523 seconds 
  Import took 0.007485 seconds .

========================================================================
Received Prepare
Registering precompiled user dll's ...
Registered in 0.004157 seconds.
Begin MonoManager ReloadAssembly
Native extension for WindowsStandalone target not found
Refreshing native plugins compatible for Editor in 0.54 ms, found 3 plugins.
Preloading 0 native plugins for Editor in 0.00 ms.
Mono: successfully reloaded assembly
- Completed reload, in  1.165 seconds
Domain Reload Profiling:
	ReloadAssembly (1166ms)
		BeginReloadAssembly (117ms)
			ExecutionOrderSort (0ms)
			DisableScriptedObjects (7ms)
			BackupInstance (0ms)
			ReleaseScriptingObjects (0ms)
			CreateAndSetChildDomain (38ms)
		EndReloadAssembly (983ms)
			LoadAssemblies (101ms)
			RebuildTransferFunctionScriptingTraits (0ms)
			SetupTypeCache (283ms)
			ReleaseScriptCaches (1ms)
			RebuildScriptCaches (38ms)
			SetupLoadedEditorAssemblies (465ms)
				LogAssemblyErrors (0ms)
				InitializePlatformSupportModulesInManaged (5ms)
				SetLoadedEditorAssemblies (1ms)
				RefreshPlugins (1ms)
				BeforeProcessingInitializeOnLoad (92ms)
				ProcessInitializeOnLoadAttributes (354ms)
				ProcessInitializeOnLoadMethodAttributes (6ms)
				AfterProcessingInitializeOnLoad (6ms)
				EditorAssembliesLoaded (0ms)
			ExecutionOrderSort2 (0ms)
			AwakeInstancesAfterBackupRestoration (7ms)
Platform modules already initialized, skipping
Refreshing native plugins compatible for Editor in 0.53 ms, found 3 plugins.
Preloading 0 native plugins for Editor in 0.00 ms.
Unloading 2055 Unused Serialized files (Serialized files now loaded: 0)
System memory in use before: 97.0 MB.
System memory in use after: 97.1 MB.

Unloading 14 unused Assets to reduce memory usage. Loaded Objects now: 2548.
Total: 3.026000 ms (FindLiveObjects: 0.155200 ms CreateObjectMapping: 0.036300 ms MarkObjects: 2.804700 ms  DeleteObjects: 0.027900 ms)

AssetImportParameters requested are different than current active one (requested -> active):
  custom:framework-win-MediaFoundation: 216162199b28c13a410421893ffa2e32 -> 
  custom:video-decoder-ogg-theora: a1e56fd34408186e4bbccfd4996cb3dc -> 
  custom:container-muxer-webm: aa71ff27fc2769a1b78a27578f13a17b -> 
  custom:container-demuxer-webm: 4f35f7cbe854078d1ac9338744f61a02 -> 
  custom:container-demuxer-ogg: 62fdf1f143b41e24485cea50d1cbac27 -> 
  custom:video-encoder-webm-vp8: eb34c28f22e8b96e1ab97ce403110664 -> 
  custom:video-codec-MediaFoundation-h265: 746d11721c4dcdbdad8f713fa42b33f4 -> 
  custom:video-decoder-webm-vp8: 9c59270c3fd7afecdb556c50c9e8de78 -> 
  custom:audio-decoder-ogg-vorbis: bf7c407c2cedff20999df2af8eb42d56 -> 
  custom:audio-encoder-webm-vorbis: bf7c407c2cedff20999df2af8eb42d56 -> 
========================================================================
Received Prepare
Registering precompiled user dll's ...
Registered in 0.005576 seconds.
Begin MonoManager ReloadAssembly
Native extension for WindowsStandalone target not found
Refreshing native plugins compatible for Editor in 0.48 ms, found 3 plugins.
Preloading 0 native plugins for Editor in 0.00 ms.
Mono: successfully reloaded assembly
- Completed reload, in  1.132 seconds
Domain Reload Profiling:
	ReloadAssembly (1133ms)
		BeginReloadAssembly (145ms)
			ExecutionOrderSort (0ms)
			DisableScriptedObjects (6ms)
			BackupInstance (0ms)
			ReleaseScriptingObjects (0ms)
			CreateAndSetChildDomain (42ms)
		EndReloadAssembly (923ms)
			LoadAssemblies (122ms)
			RebuildTransferFunctionScriptingTraits (0ms)
			SetupTypeCache (283ms)
			ReleaseScriptCaches (1ms)
			RebuildScriptCaches (38ms)
			SetupLoadedEditorAssemblies (416ms)
				LogAssemblyErrors (0ms)
				InitializePlatformSupportModulesInManaged (5ms)
				SetLoadedEditorAssemblies (0ms)
				RefreshPlugins (1ms)
				BeforeProcessingInitializeOnLoad (67ms)
				ProcessInitializeOnLoadAttributes (332ms)
				ProcessInitializeOnLoadMethodAttributes (5ms)
				AfterProcessingInitializeOnLoad (6ms)
				EditorAssembliesLoaded (0ms)
			ExecutionOrderSort2 (0ms)
			AwakeInstancesAfterBackupRestoration (8ms)
Platform modules already initialized, skipping
Refreshing native plugins compatible for Editor in 0.56 ms, found 3 plugins.
Preloading 0 native plugins for Editor in 0.00 ms.
Unloading 2054 Unused Serialized files (Serialized files now loaded: 0)
System memory in use before: 97.0 MB.
System memory in use after: 97.1 MB.

Unloading 15 unused Assets to reduce memory usage. Loaded Objects now: 2549.
Total: 3.328500 ms (FindLiveObjects: 0.159000 ms CreateObjectMapping: 0.035200 ms MarkObjects: 3.102700 ms  DeleteObjects: 0.029800 ms)

AssetImportParameters requested are different than current active one (requested -> active):
  custom:framework-win-MediaFoundation: 216162199b28c13a410421893ffa2e32 -> 
  custom:video-decoder-ogg-theora: a1e56fd34408186e4bbccfd4996cb3dc -> 
  custom:container-muxer-webm: aa71ff27fc2769a1b78a27578f13a17b -> 
  custom:container-demuxer-webm: 4f35f7cbe854078d1ac9338744f61a02 -> 
  custom:container-demuxer-ogg: 62fdf1f143b41e24485cea50d1cbac27 -> 
  custom:video-encoder-webm-vp8: eb34c28f22e8b96e1ab97ce403110664 -> 
  custom:video-codec-MediaFoundation-h265: 746d11721c4dcdbdad8f713fa42b33f4 -> 
  custom:video-decoder-webm-vp8: 9c59270c3fd7afecdb556c50c9e8de78 -> 
  custom:audio-decoder-ogg-vorbis: bf7c407c2cedff20999df2af8eb42d56 -> 
  custom:audio-encoder-webm-vorbis: bf7c407c2cedff20999df2af8eb42d56 -> 
========================================================================
Received Import Request.
  Time since last request: 18.750548 seconds.
  path: Assets/2d artrs/Pick Up
  artifactKey: Guid(31e649149e77bf24286b9d799c98a891) Importer(815301076,1909f56bfc062723c751e8b465ee728b)
Start importing Assets/2d artrs/Pick Up using Guid(31e649149e77bf24286b9d799c98a891) Importer(815301076,1909f56bfc062723c751e8b465ee728b)  -> (artifact id: '8d1099db64348b451424864a5eac7c1c') in 0.006532 seconds 
  Import took 0.010887 seconds .

========================================================================
Received Import Request.
  Time since last request: 9.590350 seconds.
  path: Assets/2d artrs/Garlic_Icon.png
  artifactKey: Guid(b8e474f7aa8bb3840b7df6e737d84236) Importer(815301076,1909f56bfc062723c751e8b465ee728b)
Start importing Assets/2d artrs/Garlic_Icon.png using Guid(b8e474f7aa8bb3840b7df6e737d84236) Importer(815301076,1909f56bfc062723c751e8b465ee728b)  -> (artifact id: '083437a5422637b8cbc3bd40e676fb8b') in 0.060741 seconds 
  Import took 0.066204 seconds .

========================================================================
Received Import Request.
  Time since last request: 45.277702 seconds.
  path: Assets/Plugins/TextToTMP/README.txt
  artifactKey: Guid(ecf766e345708314b903959f97a71cbc) Importer(815301076,1909f56bfc062723c751e8b465ee728b)
Start importing Assets/Plugins/TextToTMP/README.txt using Guid(ecf766e345708314b903959f97a71cbc) Importer(815301076,1909f56bfc062723c751e8b465ee728b)  -> (artifact id: 'e238b8b0fc74487eb9e1e3bbfc22c6ad') in 0.042656 seconds 
  Import took 0.046978 seconds .

========================================================================
Received Import Request.
  Time since last request: 58.782134 seconds.
  path: Assets/Prefabs/Enemies/Bat.prefab
  artifactKey: Guid(50b60517acf8148439f054cf267b7d8b) Importer(815301076,1909f56bfc062723c751e8b465ee728b)
Start importing Assets/Prefabs/Enemies/Bat.prefab using Guid(50b60517acf8148439f054cf267b7d8b) Importer(815301076,1909f56bfc062723c751e8b465ee728b)  -> (artifact id: 'e91342f69085f87eb9ceefc75e48d64b') in 0.036431 seconds 
  Import took 0.040179 seconds .

========================================================================
Received Import Request.
  Time since last request: 0.318003 seconds.
  path: Assets/Prefabs/Enemies/Bat(Mob).prefab
  artifactKey: Guid(b69f4698e8dd13140a76ea9b11b38476) Importer(815301076,1909f56bfc062723c751e8b465ee728b)
Start importing Assets/Prefabs/Enemies/Bat(Mob).prefab using Guid(b69f4698e8dd13140a76ea9b11b38476) Importer(815301076,1909f56bfc062723c751e8b465ee728b)  -> (artifact id: '43787b05f2273dea6f4095688dc18072') in 0.012862 seconds 
  Import took 0.017173 seconds .

AssetImportWorkerClient::OnTransportError - code=2 error=End of file
